***
*** Now run 'gdb'.
***
444544 decimal is 1544200 octal!
Physical memory: 131072K available, base = 640K, extended = 130432K
**************npages: 32768
check_page_free_list() succeeded!
check_page_alloc() succeeded!
0x0
0x0
in page_insert: 1: 0x3fe000, 2: with addr: 0x3fe000
0x1000
in page_insert: 1: 0x3fd000, 2: with addr: 0x3fd000
0x1000
0x1000
0x1000
0x400000
0x1000
in page_insert: 1: 0x3fe000, 2: with addr: 0x3fe000
check_page() succeeded!
check_kern_pgdir() succeeded!
check_page_free_list() succeeded!
0x1000
in page_insert: 1: 0x3bc000, 2: with addr: 0x3bc000
0x1000
in page_insert: 1: 0x3bb000, 2: with addr: 0x3bb000
check_page_installed_pgdir() succeeded!
Welcome to the JOS kernel monitor!
Type 'help' for a list of commands.
qemu: terminating on signal 15 from pid 25065
